<?xml version="1.0" encoding="UTF-8"?>
<!-- Generated by org.testng.reporters.JUnitReportReporter -->
<testsuite hostname="Romans-MacBook-Pro.local" name="test.groupCreationTest" tests="2" failures="0" timestamp="2 Jul 2013 15:32:41 GMT" time="1.776" errors="0">
  <testcase name="testValidGroupCanBeCreated" time="0.798" classname="test.groupCreationTest"/>
  <testcase name="testGroupWithEmptyDataCanBeCreated" time="0.978" classname="test.groupCreationTest"/>
</testsuite> <!-- test.groupCreationTest -->
