<?xml version="1.0" encoding="UTF-8"?>
<!-- Generated by org.testng.reporters.JUnitReportReporter -->
<testsuite hostname="Romans-MacBook-Pro.local" name="test.CopyOfgroupCreationTest" tests="2" failures="0" timestamp="26 Jun 2013 09:06:59 GMT" time="1.596" errors="0">
  <testcase name="testGroupWithEmptyDataCanBeCreated" time="0.796" classname="test.CopyOfgroupCreationTest"/>
  <testcase name="testValidGroupCanBeCreated" time="0.800" classname="test.CopyOfgroupCreationTest"/>
</testsuite> <!-- test.CopyOfgroupCreationTest -->
